On branch master
Your branch is up-to-date with 'origin/master'.

Changes to be committed:
  (use "git reset HEAD <file>..." to unstage)

	new file:   6pro
	new file:   8pro
	new file:   arbol.txt
	new file:   hola
	new file:   hola.c
	new file:   in.in
	new file:   inversa
	new file:   inversa.c
	new file:   inversa.txt
	new file:   inversa2
	new file:   inversa2.c
	new file:   m1.txt
	new file:   m2.txt
	new file:   matriz.h
	new file:   matriz1.c
	new file:   matriz2.c
	new file:   matrizW/m1.txt
	new file:   matrizW/m2.txt
	new file:   matrizW/mW.c
	new file:   matrizW/matrizW.h
	new file:   multiplicacion
	new file:   multiplicacion.c
	new file:   multiplicacion.txt
	new file:   operaciones.c
	new file:   operaciones.c~
	new file:   out.out
	new file:   padre
	new file:   padre.c
	new file:   permisos
	new file:   permisos.c
	new file:   pila.h
	new file:   pra
	new file:   practica.cpp
	new file:   prog7
	new file:   prog7.c
	new file:   resta
	new file:   resta.c
	new file:   resta.txt
	new file:   suma
	new file:   suma.c
	new file:   suma.txt
	new file:   transpuesta
	new file:   transpuesta.c
	new file:   transpuesta.txt
	new file:   ura.h
	new file:   validar

Changes not staged for commit:
  (use "git add/rm <file>..." to update what will be committed)
  (use "git checkout -- <file>..." to discard changes in working directory)

	deleted:    ../Practica1/fibo
	modified:   out.out

Untracked files:
  (use "git add <file>..." to include in what will be committed)

	../Pract2/Linux/multiplicacion.txt~
	../Pract2/Linux/resta.txt~
	../Pract2/Linux/suma.txt~
	../Pract2/Linux/transpuesta.txt~
	../out.out

